2022-11-01 11:48:20,131 [Client thread] ERROR GottschCore | LootTableMaster2.java:252 | is file system (config) loot table current -> true
2022-11-01 11:48:20,135 [Client thread] ERROR GottschCore | LootTableMaster2.java:252 | is file system (config) loot table current -> true
2022-11-01 11:48:20,142 [Client thread] ERROR GottschCore | LootTableMaster2.java:252 | is file system (config) loot table current -> true
2022-11-01 11:48:20,152 [Client thread] ERROR GottschCore | LootTableMaster2.java:252 | is file system (config) loot table current -> true
2022-11-01 11:48:20,159 [Client thread] ERROR GottschCore | LootTableMaster2.java:252 | is file system (config) loot table current -> true
2022-11-01 11:48:20,166 [Client thread] ERROR GottschCore | LootTableMaster2.java:252 | is file system (config) loot table current -> true
2022-11-01 11:48:20,181 [Client thread] ERROR GottschCore | LootTableMaster2.java:252 | is file system (config) loot table current -> true
2022-11-01 11:48:20,189 [Client thread] ERROR GottschCore | LootTableMaster2.java:252 | is file system (config) loot table current -> true
2022-11-01 11:48:20,196 [Client thread] ERROR GottschCore | LootTableMaster2.java:252 | is file system (config) loot table current -> true
2022-11-01 11:48:20,206 [Client thread] ERROR GottschCore | LootTableMaster2.java:252 | is file system (config) loot table current -> true
2022-11-01 11:48:20,210 [Client thread] ERROR GottschCore | LootTableMaster2.java:252 | is file system (config) loot table current -> true
2022-11-01 11:48:20,218 [Client thread] ERROR GottschCore | LootTableMaster2.java:252 | is file system (config) loot table current -> true
2022-11-01 11:48:20,228 [Client thread] ERROR GottschCore | LootTableMaster2.java:252 | is file system (config) loot table current -> true
2022-11-01 11:48:20,238 [Client thread] ERROR GottschCore | LootTableMaster2.java:252 | is file system (config) loot table current -> true
2022-11-01 11:48:20,245 [Client thread] ERROR GottschCore | LootTableMaster2.java:252 | is file system (config) loot table current -> true
2022-11-01 11:48:20,263 [Client thread] ERROR GottschCore | LootTableMaster2.java:252 | is file system (config) loot table current -> true
2022-11-01 11:48:20,271 [Client thread] ERROR GottschCore | LootTableMaster2.java:252 | is file system (config) loot table current -> true
2022-11-01 11:48:20,283 [Client thread] ERROR GottschCore | LootTableMaster2.java:252 | is file system (config) loot table current -> true
2022-11-01 11:48:20,290 [Client thread] ERROR GottschCore | LootTableMaster2.java:252 | is file system (config) loot table current -> true
2022-11-01 11:48:20,297 [Client thread] ERROR GottschCore | LootTableMaster2.java:252 | is file system (config) loot table current -> true
2022-11-01 11:48:20,312 [Client thread] ERROR GottschCore | LootTableMaster2.java:252 | is file system (config) loot table current -> true
2022-11-01 11:48:20,320 [Client thread] ERROR GottschCore | LootTableMaster2.java:252 | is file system (config) loot table current -> true
2022-11-01 11:48:20,329 [Client thread] ERROR GottschCore | LootTableMaster2.java:252 | is file system (config) loot table current -> true
2022-11-01 11:48:20,337 [Client thread] ERROR GottschCore | LootTableMaster2.java:252 | is file system (config) loot table current -> true
2022-11-01 11:48:20,339 [Client thread] ERROR GottschCore | LootTableMaster2.java:252 | is file system (config) loot table current -> true
2022-11-01 11:48:20,346 [Client thread] ERROR GottschCore | LootTableMaster2.java:252 | is file system (config) loot table current -> true
2022-11-01 11:48:20,355 [Client thread] ERROR GottschCore | LootTableMaster2.java:252 | is file system (config) loot table current -> true
2022-11-01 11:48:20,361 [Client thread] ERROR GottschCore | LootTableMaster2.java:252 | is file system (config) loot table current -> true
2022-11-01 11:48:20,368 [Client thread] ERROR GottschCore | LootTableMaster2.java:252 | is file system (config) loot table current -> true
2022-11-01 11:48:20,388 [Client thread] ERROR GottschCore | LootTableMaster2.java:252 | is file system (config) loot table current -> true
2022-11-01 11:48:20,390 [Client thread] ERROR GottschCore | LootTableMaster2.java:252 | is file system (config) loot table current -> true
2022-11-01 11:48:20,393 [Client thread] ERROR GottschCore | LootTableMaster2.java:252 | is file system (config) loot table current -> true
2022-11-01 11:48:20,403 [Client thread] ERROR GottschCore | LootTableMaster2.java:252 | is file system (config) loot table current -> true
2022-11-01 11:48:20,410 [Client thread] ERROR GottschCore | LootTableMaster2.java:252 | is file system (config) loot table current -> true
2022-11-01 11:48:20,420 [Client thread] ERROR GottschCore | LootTableMaster2.java:252 | is file system (config) loot table current -> true
2022-11-01 11:48:20,427 [Client thread] ERROR GottschCore | LootTableMaster2.java:252 | is file system (config) loot table current -> true
2022-11-01 11:48:20,433 [Client thread] ERROR GottschCore | LootTableMaster2.java:252 | is file system (config) loot table current -> true
2022-11-01 11:48:20,439 [Client thread] ERROR GottschCore | LootTableMaster2.java:252 | is file system (config) loot table current -> true
2022-11-01 11:48:20,442 [Client thread] ERROR GottschCore | LootTableMaster2.java:252 | is file system (config) loot table current -> true
2022-11-01 11:48:20,451 [Client thread] ERROR GottschCore | LootTableMaster2.java:252 | is file system (config) loot table current -> true
2022-11-01 11:48:20,458 [Client thread] ERROR GottschCore | LootTableMaster2.java:252 | is file system (config) loot table current -> true
2022-11-01 11:48:20,466 [Client thread] ERROR GottschCore | LootTableMaster2.java:252 | is file system (config) loot table current -> true
2022-11-01 11:48:20,474 [Client thread] ERROR GottschCore | LootTableMaster2.java:252 | is file system (config) loot table current -> true
2022-11-01 11:48:20,483 [Client thread] ERROR GottschCore | LootTableMaster2.java:252 | is file system (config) loot table current -> true
2022-11-01 11:48:20,491 [Client thread] ERROR GottschCore | LootTableMaster2.java:252 | is file system (config) loot table current -> true
2022-11-01 11:48:20,499 [Client thread] ERROR GottschCore | LootTableMaster2.java:252 | is file system (config) loot table current -> true
2022-11-01 11:48:20,507 [Client thread] ERROR GottschCore | LootTableMaster2.java:252 | is file system (config) loot table current -> true
2022-11-01 11:48:20,514 [Client thread] ERROR GottschCore | LootTableMaster2.java:252 | is file system (config) loot table current -> true
2022-11-01 11:48:20,520 [Client thread] ERROR GottschCore | LootTableMaster2.java:252 | is file system (config) loot table current -> true
2022-11-01 11:48:20,533 [Client thread] ERROR GottschCore | LootTableMaster2.java:252 | is file system (config) loot table current -> true
2022-11-01 11:48:20,535 [Client thread] ERROR GottschCore | LootTableMaster2.java:252 | is file system (config) loot table current -> true
2022-11-01 11:48:20,537 [Client thread] ERROR GottschCore | LootTableMaster2.java:252 | is file system (config) loot table current -> true
2022-11-01 11:48:20,545 [Client thread] ERROR GottschCore | LootTableMaster2.java:252 | is file system (config) loot table current -> true
2022-11-01 11:48:20,551 [Client thread] ERROR GottschCore | LootTableMaster2.java:252 | is file system (config) loot table current -> true
2022-11-01 11:48:20,566 [Client thread] ERROR GottschCore | LootTableMaster2.java:252 | is file system (config) loot table current -> true
2022-11-01 11:48:20,568 [Client thread] ERROR GottschCore | LootTableMaster2.java:432 | Unable to locate resource /loot_tables/treasure2/inject/uncommon/
2022-11-01 11:48:20,570 [Client thread] ERROR GottschCore | LootTableMaster2.java:432 | Unable to locate resource /loot_tables/treasure2/inject/scarce/
2022-11-01 11:48:20,572 [Client thread] ERROR GottschCore | LootTableMaster2.java:432 | Unable to locate resource /loot_tables/treasure2/inject/rare/
2022-11-01 11:48:20,575 [Client thread] ERROR GottschCore | LootTableMaster2.java:432 | Unable to locate resource /loot_tables/treasure2/inject/epic/
2022-11-01 11:48:20,820 [Client thread] ERROR GottschCore | AbstractResourceManager.java:173 | Unable to locate resource /structures/treasure2/float/
2022-11-01 12:04:19,818 [Client thread] ERROR GottschCore | LootTableMaster2.java:252 | is file system (config) loot table current -> true
2022-11-01 12:04:19,832 [Client thread] ERROR GottschCore | LootTableMaster2.java:252 | is file system (config) loot table current -> true
2022-11-01 12:04:19,844 [Client thread] ERROR GottschCore | LootTableMaster2.java:252 | is file system (config) loot table current -> true
2022-11-01 12:04:19,924 [Client thread] ERROR GottschCore | LootTableMaster2.java:252 | is file system (config) loot table current -> true
2022-11-01 12:04:19,931 [Client thread] ERROR GottschCore | LootTableMaster2.java:252 | is file system (config) loot table current -> true
2022-11-01 12:04:19,937 [Client thread] ERROR GottschCore | LootTableMaster2.java:252 | is file system (config) loot table current -> true
2022-11-01 12:04:20,001 [Client thread] ERROR GottschCore | LootTableMaster2.java:252 | is file system (config) loot table current -> true
2022-11-01 12:04:20,008 [Client thread] ERROR GottschCore | LootTableMaster2.java:252 | is file system (config) loot table current -> true
2022-11-01 12:04:20,018 [Client thread] ERROR GottschCore | LootTableMaster2.java:252 | is file system (config) loot table current -> true
2022-11-01 12:04:20,087 [Client thread] ERROR GottschCore | LootTableMaster2.java:252 | is file system (config) loot table current -> true
2022-11-01 12:04:20,093 [Client thread] ERROR GottschCore | LootTableMaster2.java:252 | is file system (config) loot table current -> true
2022-11-01 12:04:20,099 [Client thread] ERROR GottschCore | LootTableMaster2.java:252 | is file system (config) loot table current -> true
2022-11-01 12:04:20,148 [Client thread] ERROR GottschCore | LootTableMaster2.java:252 | is file system (config) loot table current -> true
2022-11-01 12:04:20,206 [Client thread] ERROR GottschCore | LootTableMaster2.java:252 | is file system (config) loot table current -> true
2022-11-01 12:04:20,213 [Client thread] ERROR GottschCore | LootTableMaster2.java:252 | is file system (config) loot table current -> true
2022-11-01 12:04:20,218 [Client thread] ERROR GottschCore | LootTableMaster2.java:252 | is file system (config) loot table current -> true
2022-11-01 12:04:20,225 [Client thread] ERROR GottschCore | LootTableMaster2.java:252 | is file system (config) loot table current -> true
2022-11-01 12:04:20,231 [Client thread] ERROR GottschCore | LootTableMaster2.java:252 | is file system (config) loot table current -> true
2022-11-01 12:04:20,244 [Client thread] ERROR GottschCore | LootTableMaster2.java:252 | is file system (config) loot table current -> true
2022-11-01 12:04:20,253 [Client thread] ERROR GottschCore | LootTableMaster2.java:252 | is file system (config) loot table current -> true
2022-11-01 12:04:20,296 [Client thread] ERROR GottschCore | LootTableMaster2.java:252 | is file system (config) loot table current -> true
2022-11-01 12:04:20,303 [Client thread] ERROR GottschCore | LootTableMaster2.java:252 | is file system (config) loot table current -> true
2022-11-01 12:04:20,312 [Client thread] ERROR GottschCore | LootTableMaster2.java:252 | is file system (config) loot table current -> true
2022-11-01 12:04:20,323 [Client thread] ERROR GottschCore | LootTableMaster2.java:252 | is file system (config) loot table current -> true
2022-11-01 12:04:20,329 [Client thread] ERROR GottschCore | LootTableMaster2.java:252 | is file system (config) loot table current -> true
2022-11-01 12:04:20,336 [Client thread] ERROR GottschCore | LootTableMaster2.java:252 | is file system (config) loot table current -> true
2022-11-01 12:04:20,343 [Client thread] ERROR GottschCore | LootTableMaster2.java:252 | is file system (config) loot table current -> true
2022-11-01 12:04:20,354 [Client thread] ERROR GottschCore | LootTableMaster2.java:252 | is file system (config) loot table current -> true
2022-11-01 12:04:20,361 [Client thread] ERROR GottschCore | LootTableMaster2.java:252 | is file system (config) loot table current -> true
2022-11-01 12:04:20,402 [Client thread] ERROR GottschCore | LootTableMaster2.java:252 | is file system (config) loot table current -> true
2022-11-01 12:04:20,406 [Client thread] ERROR GottschCore | LootTableMaster2.java:252 | is file system (config) loot table current -> true
2022-11-01 12:04:20,413 [Client thread] ERROR GottschCore | LootTableMaster2.java:252 | is file system (config) loot table current -> true
2022-11-01 12:04:20,418 [Client thread] ERROR GottschCore | LootTableMaster2.java:252 | is file system (config) loot table current -> true
2022-11-01 12:04:20,423 [Client thread] ERROR GottschCore | LootTableMaster2.java:252 | is file system (config) loot table current -> true
2022-11-01 12:04:20,457 [Client thread] ERROR GottschCore | LootTableMaster2.java:252 | is file system (config) loot table current -> true
2022-11-01 12:04:20,467 [Client thread] ERROR GottschCore | LootTableMaster2.java:252 | is file system (config) loot table current -> true
2022-11-01 12:04:20,472 [Client thread] ERROR GottschCore | LootTableMaster2.java:252 | is file system (config) loot table current -> true
2022-11-01 12:04:20,478 [Client thread] ERROR GottschCore | LootTableMaster2.java:252 | is file system (config) loot table current -> true
2022-11-01 12:04:20,487 [Client thread] ERROR GottschCore | LootTableMaster2.java:252 | is file system (config) loot table current -> true
2022-11-01 12:04:20,575 [Client thread] ERROR GottschCore | LootTableMaster2.java:252 | is file system (config) loot table current -> true
2022-11-01 12:04:20,583 [Client thread] ERROR GottschCore | LootTableMaster2.java:252 | is file system (config) loot table current -> true
2022-11-01 12:04:20,588 [Client thread] ERROR GottschCore | LootTableMaster2.java:252 | is file system (config) loot table current -> true
2022-11-01 12:04:20,634 [Client thread] ERROR GottschCore | LootTableMaster2.java:252 | is file system (config) loot table current -> true
2022-11-01 12:04:20,645 [Client thread] ERROR GottschCore | LootTableMaster2.java:252 | is file system (config) loot table current -> true
2022-11-01 12:04:20,775 [Client thread] ERROR GottschCore | LootTableMaster2.java:252 | is file system (config) loot table current -> true
2022-11-01 12:04:20,782 [Client thread] ERROR GottschCore | LootTableMaster2.java:252 | is file system (config) loot table current -> true
2022-11-01 12:04:20,788 [Client thread] ERROR GottschCore | LootTableMaster2.java:252 | is file system (config) loot table current -> true
2022-11-01 12:04:20,797 [Client thread] ERROR GottschCore | LootTableMaster2.java:252 | is file system (config) loot table current -> true
2022-11-01 12:04:20,837 [Client thread] ERROR GottschCore | LootTableMaster2.java:252 | is file system (config) loot table current -> true
2022-11-01 12:04:20,905 [Client thread] ERROR GottschCore | LootTableMaster2.java:252 | is file system (config) loot table current -> true
2022-11-01 12:04:20,913 [Client thread] ERROR GottschCore | LootTableMaster2.java:252 | is file system (config) loot table current -> true
2022-11-01 12:04:20,917 [Client thread] ERROR GottschCore | LootTableMaster2.java:252 | is file system (config) loot table current -> true
2022-11-01 12:04:20,922 [Client thread] ERROR GottschCore | LootTableMaster2.java:252 | is file system (config) loot table current -> true
2022-11-01 12:04:20,927 [Client thread] ERROR GottschCore | LootTableMaster2.java:252 | is file system (config) loot table current -> true
2022-11-01 12:04:20,997 [Client thread] ERROR GottschCore | LootTableMaster2.java:252 | is file system (config) loot table current -> true
2022-11-01 12:04:21,007 [Client thread] ERROR GottschCore | LootTableMaster2.java:432 | Unable to locate resource /loot_tables/treasure2/inject/uncommon/
2022-11-01 12:04:21,017 [Client thread] ERROR GottschCore | LootTableMaster2.java:432 | Unable to locate resource /loot_tables/treasure2/inject/scarce/
2022-11-01 12:04:21,025 [Client thread] ERROR GottschCore | LootTableMaster2.java:432 | Unable to locate resource /loot_tables/treasure2/inject/rare/
2022-11-01 12:04:21,046 [Client thread] ERROR GottschCore | LootTableMaster2.java:432 | Unable to locate resource /loot_tables/treasure2/inject/epic/
2022-11-01 12:04:21,378 [Client thread] ERROR GottschCore | AbstractResourceManager.java:173 | Unable to locate resource /structures/treasure2/float/
2022-11-01 12:09:53,903 [Client thread] INFO GottschCore | VersionChecker.java:110 | [treasure2] Starting version check at https://raw.githubusercontent.com/gottsch/gottsch-minecraft-Treasure/master/update.json
2022-11-01 12:09:54,091 [Client thread] INFO GottschCore | VersionChecker.java:110 | [treasure2_twilight_forest_lp] Starting version check at https://raw.githubusercontent.com/gottsch/gottsch-minecraft-Treasure-Twilight-Forest-Loot-Pack/1.12.2-master/update.json
2022-11-01 12:09:54,232 [Client thread] INFO GottschCore | VersionChecker.java:110 | [treasure2_wizardry_lp] Starting version check at https://raw.githubusercontent.com/gottsch/gottsch-minecraft-Treasure-Wizardry-Loot-Pack/1.12.2-master/update.json
2022-11-01 13:18:12,046 [Client thread] ERROR GottschCore | LootTableMaster2.java:252 | is file system (config) loot table current -> true
2022-11-01 13:18:12,064 [Client thread] ERROR GottschCore | LootTableMaster2.java:252 | is file system (config) loot table current -> true
2022-11-01 13:18:12,080 [Client thread] ERROR GottschCore | LootTableMaster2.java:252 | is file system (config) loot table current -> true
2022-11-01 13:18:12,109 [Client thread] ERROR GottschCore | LootTableMaster2.java:252 | is file system (config) loot table current -> true
2022-11-01 13:18:12,129 [Client thread] ERROR GottschCore | LootTableMaster2.java:252 | is file system (config) loot table current -> true
2022-11-01 13:18:12,145 [Client thread] ERROR GottschCore | LootTableMaster2.java:252 | is file system (config) loot table current -> true
2022-11-01 13:18:12,178 [Client thread] ERROR GottschCore | LootTableMaster2.java:252 | is file system (config) loot table current -> true
2022-11-01 13:18:12,197 [Client thread] ERROR GottschCore | LootTableMaster2.java:252 | is file system (config) loot table current -> true
2022-11-01 13:18:12,211 [Client thread] ERROR GottschCore | LootTableMaster2.java:252 | is file system (config) loot table current -> true
2022-11-01 13:18:12,241 [Client thread] ERROR GottschCore | LootTableMaster2.java:252 | is file system (config) loot table current -> true
2022-11-01 13:18:12,254 [Client thread] ERROR GottschCore | LootTableMaster2.java:252 | is file system (config) loot table current -> true
2022-11-01 13:18:12,273 [Client thread] ERROR GottschCore | LootTableMaster2.java:252 | is file system (config) loot table current -> true
2022-11-01 13:18:12,306 [Client thread] ERROR GottschCore | LootTableMaster2.java:252 | is file system (config) loot table current -> true
2022-11-01 13:18:12,340 [Client thread] ERROR GottschCore | LootTableMaster2.java:252 | is file system (config) loot table current -> true
2022-11-01 13:18:12,354 [Client thread] ERROR GottschCore | LootTableMaster2.java:252 | is file system (config) loot table current -> true
2022-11-01 13:18:12,368 [Client thread] ERROR GottschCore | LootTableMaster2.java:252 | is file system (config) loot table current -> true
2022-11-01 13:18:12,383 [Client thread] ERROR GottschCore | LootTableMaster2.java:252 | is file system (config) loot table current -> true
2022-11-01 13:18:12,412 [Client thread] ERROR GottschCore | LootTableMaster2.java:252 | is file system (config) loot table current -> true
2022-11-01 13:18:12,430 [Client thread] ERROR GottschCore | LootTableMaster2.java:252 | is file system (config) loot table current -> true
2022-11-01 13:18:12,444 [Client thread] ERROR GottschCore | LootTableMaster2.java:252 | is file system (config) loot table current -> true
2022-11-01 13:18:12,490 [Client thread] ERROR GottschCore | LootTableMaster2.java:252 | is file system (config) loot table current -> true
2022-11-01 13:18:12,506 [Client thread] ERROR GottschCore | LootTableMaster2.java:252 | is file system (config) loot table current -> true
2022-11-01 13:18:12,525 [Client thread] ERROR GottschCore | LootTableMaster2.java:252 | is file system (config) loot table current -> true
2022-11-01 13:18:12,544 [Client thread] ERROR GottschCore | LootTableMaster2.java:252 | is file system (config) loot table current -> true
2022-11-01 13:18:12,561 [Client thread] ERROR GottschCore | LootTableMaster2.java:252 | is file system (config) loot table current -> true
2022-11-01 13:18:12,575 [Client thread] ERROR GottschCore | LootTableMaster2.java:252 | is file system (config) loot table current -> true
2022-11-01 13:18:12,592 [Client thread] ERROR GottschCore | LootTableMaster2.java:252 | is file system (config) loot table current -> true
2022-11-01 13:18:12,608 [Client thread] ERROR GottschCore | LootTableMaster2.java:252 | is file system (config) loot table current -> true
2022-11-01 13:18:12,623 [Client thread] ERROR GottschCore | LootTableMaster2.java:252 | is file system (config) loot table current -> true
2022-11-01 13:18:12,657 [Client thread] ERROR GottschCore | LootTableMaster2.java:252 | is file system (config) loot table current -> true
2022-11-01 13:18:12,676 [Client thread] ERROR GottschCore | LootTableMaster2.java:252 | is file system (config) loot table current -> true
2022-11-01 13:18:12,693 [Client thread] ERROR GottschCore | LootTableMaster2.java:252 | is file system (config) loot table current -> true
2022-11-01 13:18:12,707 [Client thread] ERROR GottschCore | LootTableMaster2.java:252 | is file system (config) loot table current -> true
2022-11-01 13:18:12,722 [Client thread] ERROR GottschCore | LootTableMaster2.java:252 | is file system (config) loot table current -> true
2022-11-01 13:18:12,752 [Client thread] ERROR GottschCore | LootTableMaster2.java:252 | is file system (config) loot table current -> true
2022-11-01 13:18:12,765 [Client thread] ERROR GottschCore | LootTableMaster2.java:252 | is file system (config) loot table current -> true
2022-11-01 13:18:12,782 [Client thread] ERROR GottschCore | LootTableMaster2.java:252 | is file system (config) loot table current -> true
2022-11-01 13:18:12,798 [Client thread] ERROR GottschCore | LootTableMaster2.java:252 | is file system (config) loot table current -> true
2022-11-01 13:18:12,819 [Client thread] ERROR GottschCore | LootTableMaster2.java:252 | is file system (config) loot table current -> true
2022-11-01 13:18:12,864 [Client thread] ERROR GottschCore | LootTableMaster2.java:252 | is file system (config) loot table current -> true
2022-11-01 13:18:12,887 [Client thread] ERROR GottschCore | LootTableMaster2.java:252 | is file system (config) loot table current -> true
2022-11-01 13:18:12,910 [Client thread] ERROR GottschCore | LootTableMaster2.java:252 | is file system (config) loot table current -> true
2022-11-01 13:18:12,933 [Client thread] ERROR GottschCore | LootTableMaster2.java:252 | is file system (config) loot table current -> true
2022-11-01 13:18:12,956 [Client thread] ERROR GottschCore | LootTableMaster2.java:252 | is file system (config) loot table current -> true
2022-11-01 13:18:13,000 [Client thread] ERROR GottschCore | LootTableMaster2.java:252 | is file system (config) loot table current -> true
2022-11-01 13:18:13,020 [Client thread] ERROR GottschCore | LootTableMaster2.java:252 | is file system (config) loot table current -> true
2022-11-01 13:18:13,041 [Client thread] ERROR GottschCore | LootTableMaster2.java:252 | is file system (config) loot table current -> true
2022-11-01 13:18:13,058 [Client thread] ERROR GottschCore | LootTableMaster2.java:252 | is file system (config) loot table current -> true
2022-11-01 13:18:13,075 [Client thread] ERROR GottschCore | LootTableMaster2.java:252 | is file system (config) loot table current -> true
2022-11-01 13:18:13,108 [Client thread] ERROR GottschCore | LootTableMaster2.java:252 | is file system (config) loot table current -> true
2022-11-01 13:18:13,126 [Client thread] ERROR GottschCore | LootTableMaster2.java:252 | is file system (config) loot table current -> true
2022-11-01 13:18:13,143 [Client thread] ERROR GottschCore | LootTableMaster2.java:252 | is file system (config) loot table current -> true
2022-11-01 13:18:13,157 [Client thread] ERROR GottschCore | LootTableMaster2.java:252 | is file system (config) loot table current -> true
2022-11-01 13:18:13,170 [Client thread] ERROR GottschCore | LootTableMaster2.java:252 | is file system (config) loot table current -> true
2022-11-01 13:18:13,207 [Client thread] ERROR GottschCore | LootTableMaster2.java:252 | is file system (config) loot table current -> true
2022-11-01 13:18:13,211 [Client thread] ERROR GottschCore | LootTableMaster2.java:432 | Unable to locate resource /loot_tables/treasure2/inject/uncommon/
2022-11-01 13:18:13,215 [Client thread] ERROR GottschCore | LootTableMaster2.java:432 | Unable to locate resource /loot_tables/treasure2/inject/scarce/
2022-11-01 13:18:13,219 [Client thread] ERROR GottschCore | LootTableMaster2.java:432 | Unable to locate resource /loot_tables/treasure2/inject/rare/
2022-11-01 13:18:13,223 [Client thread] ERROR GottschCore | LootTableMaster2.java:432 | Unable to locate resource /loot_tables/treasure2/inject/epic/
2022-11-01 13:18:13,894 [Client thread] ERROR GottschCore | AbstractResourceManager.java:173 | Unable to locate resource /structures/treasure2/float/
2022-11-01 13:20:35,281 [Client thread] INFO GottschCore | VersionChecker.java:110 | [treasure2] Starting version check at https://raw.githubusercontent.com/gottsch/gottsch-minecraft-Treasure/master/update.json
2022-11-01 13:20:35,384 [Client thread] INFO GottschCore | VersionChecker.java:110 | [treasure2_twilight_forest_lp] Starting version check at https://raw.githubusercontent.com/gottsch/gottsch-minecraft-Treasure-Twilight-Forest-Loot-Pack/1.12.2-master/update.json
2022-11-01 13:20:35,412 [Client thread] INFO GottschCore | VersionChecker.java:110 | [treasure2_wizardry_lp] Starting version check at https://raw.githubusercontent.com/gottsch/gottsch-minecraft-Treasure-Wizardry-Loot-Pack/1.12.2-master/update.json
2022-11-01 14:29:02,193 [Client thread] ERROR GottschCore | LootTableMaster2.java:252 | is file system (config) loot table current -> true
2022-11-01 14:29:02,211 [Client thread] ERROR GottschCore | LootTableMaster2.java:252 | is file system (config) loot table current -> true
2022-11-01 14:29:02,226 [Client thread] ERROR GottschCore | LootTableMaster2.java:252 | is file system (config) loot table current -> true
2022-11-01 14:29:02,257 [Client thread] ERROR GottschCore | LootTableMaster2.java:252 | is file system (config) loot table current -> true
2022-11-01 14:29:02,270 [Client thread] ERROR GottschCore | LootTableMaster2.java:252 | is file system (config) loot table current -> true
2022-11-01 14:29:02,283 [Client thread] ERROR GottschCore | LootTableMaster2.java:252 | is file system (config) loot table current -> true
2022-11-01 14:29:02,310 [Client thread] ERROR GottschCore | LootTableMaster2.java:252 | is file system (config) loot table current -> true
2022-11-01 14:29:02,323 [Client thread] ERROR GottschCore | LootTableMaster2.java:252 | is file system (config) loot table current -> true
2022-11-01 14:29:02,333 [Client thread] ERROR GottschCore | LootTableMaster2.java:252 | is file system (config) loot table current -> true
2022-11-01 14:29:02,358 [Client thread] ERROR GottschCore | LootTableMaster2.java:252 | is file system (config) loot table current -> true
2022-11-01 14:29:02,370 [Client thread] ERROR GottschCore | LootTableMaster2.java:252 | is file system (config) loot table current -> true
2022-11-01 14:29:02,382 [Client thread] ERROR GottschCore | LootTableMaster2.java:252 | is file system (config) loot table current -> true
2022-11-01 14:29:02,407 [Client thread] ERROR GottschCore | LootTableMaster2.java:252 | is file system (config) loot table current -> true
2022-11-01 14:29:02,433 [Client thread] ERROR GottschCore | LootTableMaster2.java:252 | is file system (config) loot table current -> true
2022-11-01 14:29:02,446 [Client thread] ERROR GottschCore | LootTableMaster2.java:252 | is file system (config) loot table current -> true
2022-11-01 14:29:02,459 [Client thread] ERROR GottschCore | LootTableMaster2.java:252 | is file system (config) loot table current -> true
2022-11-01 14:29:02,472 [Client thread] ERROR GottschCore | LootTableMaster2.java:252 | is file system (config) loot table current -> true
2022-11-01 14:29:02,493 [Client thread] ERROR GottschCore | LootTableMaster2.java:252 | is file system (config) loot table current -> true
2022-11-01 14:29:02,505 [Client thread] ERROR GottschCore | LootTableMaster2.java:252 | is file system (config) loot table current -> true
2022-11-01 14:29:02,520 [Client thread] ERROR GottschCore | LootTableMaster2.java:252 | is file system (config) loot table current -> true
2022-11-01 14:29:02,546 [Client thread] ERROR GottschCore | LootTableMaster2.java:252 | is file system (config) loot table current -> true
2022-11-01 14:29:02,559 [Client thread] ERROR GottschCore | LootTableMaster2.java:252 | is file system (config) loot table current -> true
2022-11-01 14:29:02,573 [Client thread] ERROR GottschCore | LootTableMaster2.java:252 | is file system (config) loot table current -> true
2022-11-01 14:29:02,587 [Client thread] ERROR GottschCore | LootTableMaster2.java:252 | is file system (config) loot table current -> true
2022-11-01 14:29:02,600 [Client thread] ERROR GottschCore | LootTableMaster2.java:252 | is file system (config) loot table current -> true
2022-11-01 14:29:02,614 [Client thread] ERROR GottschCore | LootTableMaster2.java:252 | is file system (config) loot table current -> true
2022-11-01 14:29:02,628 [Client thread] ERROR GottschCore | LootTableMaster2.java:252 | is file system (config) loot table current -> true
2022-11-01 14:29:02,641 [Client thread] ERROR GottschCore | LootTableMaster2.java:252 | is file system (config) loot table current -> true
2022-11-01 14:29:02,655 [Client thread] ERROR GottschCore | LootTableMaster2.java:252 | is file system (config) loot table current -> true
2022-11-01 14:29:02,685 [Client thread] ERROR GottschCore | LootTableMaster2.java:252 | is file system (config) loot table current -> true
2022-11-01 14:29:02,702 [Client thread] ERROR GottschCore | LootTableMaster2.java:252 | is file system (config) loot table current -> true
2022-11-01 14:29:02,716 [Client thread] ERROR GottschCore | LootTableMaster2.java:252 | is file system (config) loot table current -> true
2022-11-01 14:29:02,730 [Client thread] ERROR GottschCore | LootTableMaster2.java:252 | is file system (config) loot table current -> true
2022-11-01 14:29:02,742 [Client thread] ERROR GottschCore | LootTableMaster2.java:252 | is file system (config) loot table current -> true
2022-11-01 14:29:02,765 [Client thread] ERROR GottschCore | LootTableMaster2.java:252 | is file system (config) loot table current -> true
2022-11-01 14:29:02,779 [Client thread] ERROR GottschCore | LootTableMaster2.java:252 | is file system (config) loot table current -> true
2022-11-01 14:29:02,791 [Client thread] ERROR GottschCore | LootTableMaster2.java:252 | is file system (config) loot table current -> true
2022-11-01 14:29:02,800 [Client thread] ERROR GottschCore | LootTableMaster2.java:252 | is file system (config) loot table current -> true
2022-11-01 14:29:02,814 [Client thread] ERROR GottschCore | LootTableMaster2.java:252 | is file system (config) loot table current -> true
2022-11-01 14:29:02,838 [Client thread] ERROR GottschCore | LootTableMaster2.java:252 | is file system (config) loot table current -> true
2022-11-01 14:29:02,852 [Client thread] ERROR GottschCore | LootTableMaster2.java:252 | is file system (config) loot table current -> true
2022-11-01 14:29:02,863 [Client thread] ERROR GottschCore | LootTableMaster2.java:252 | is file system (config) loot table current -> true
2022-11-01 14:29:02,877 [Client thread] ERROR GottschCore | LootTableMaster2.java:252 | is file system (config) loot table current -> true
2022-11-01 14:29:02,891 [Client thread] ERROR GottschCore | LootTableMaster2.java:252 | is file system (config) loot table current -> true
2022-11-01 14:29:02,915 [Client thread] ERROR GottschCore | LootTableMaster2.java:252 | is file system (config) loot table current -> true
2022-11-01 14:29:02,928 [Client thread] ERROR GottschCore | LootTableMaster2.java:252 | is file system (config) loot table current -> true
2022-11-01 14:29:02,941 [Client thread] ERROR GottschCore | LootTableMaster2.java:252 | is file system (config) loot table current -> true
2022-11-01 14:29:02,954 [Client thread] ERROR GottschCore | LootTableMaster2.java:252 | is file system (config) loot table current -> true
2022-11-01 14:29:02,964 [Client thread] ERROR GottschCore | LootTableMaster2.java:252 | is file system (config) loot table current -> true
2022-11-01 14:29:02,989 [Client thread] ERROR GottschCore | LootTableMaster2.java:252 | is file system (config) loot table current -> true
2022-11-01 14:29:02,999 [Client thread] ERROR GottschCore | LootTableMaster2.java:252 | is file system (config) loot table current -> true
2022-11-01 14:29:03,012 [Client thread] ERROR GottschCore | LootTableMaster2.java:252 | is file system (config) loot table current -> true
2022-11-01 14:29:03,024 [Client thread] ERROR GottschCore | LootTableMaster2.java:252 | is file system (config) loot table current -> true
2022-11-01 14:29:03,034 [Client thread] ERROR GottschCore | LootTableMaster2.java:252 | is file system (config) loot table current -> true
2022-11-01 14:29:03,059 [Client thread] ERROR GottschCore | LootTableMaster2.java:252 | is file system (config) loot table current -> true
2022-11-01 14:29:03,063 [Client thread] ERROR GottschCore | LootTableMaster2.java:432 | Unable to locate resource /loot_tables/treasure2/inject/uncommon/
2022-11-01 14:29:03,065 [Client thread] ERROR GottschCore | LootTableMaster2.java:432 | Unable to locate resource /loot_tables/treasure2/inject/scarce/
2022-11-01 14:29:03,067 [Client thread] ERROR GottschCore | LootTableMaster2.java:432 | Unable to locate resource /loot_tables/treasure2/inject/rare/
2022-11-01 14:29:03,071 [Client thread] ERROR GottschCore | LootTableMaster2.java:432 | Unable to locate resource /loot_tables/treasure2/inject/epic/
2022-11-01 14:29:03,548 [Client thread] ERROR GottschCore | AbstractResourceManager.java:173 | Unable to locate resource /structures/treasure2/float/
2022-11-01 14:31:06,540 [Client thread] INFO GottschCore | VersionChecker.java:110 | [treasure2] Starting version check at https://raw.githubusercontent.com/gottsch/gottsch-minecraft-Treasure/master/update.json
2022-11-01 14:31:06,645 [Client thread] INFO GottschCore | VersionChecker.java:110 | [treasure2_twilight_forest_lp] Starting version check at https://raw.githubusercontent.com/gottsch/gottsch-minecraft-Treasure-Twilight-Forest-Loot-Pack/1.12.2-master/update.json
2022-11-01 14:31:06,792 [Client thread] INFO GottschCore | VersionChecker.java:110 | [treasure2_wizardry_lp] Starting version check at https://raw.githubusercontent.com/gottsch/gottsch-minecraft-Treasure-Wizardry-Loot-Pack/1.12.2-master/update.json
2022-11-01 22:34:21,909 [Client thread] ERROR GottschCore | LootTableMaster2.java:252 | is file system (config) loot table current -> true
2022-11-01 22:34:21,921 [Client thread] ERROR GottschCore | LootTableMaster2.java:252 | is file system (config) loot table current -> true
2022-11-01 22:34:21,929 [Client thread] ERROR GottschCore | LootTableMaster2.java:252 | is file system (config) loot table current -> true
2022-11-01 22:34:21,950 [Client thread] ERROR GottschCore | LootTableMaster2.java:252 | is file system (config) loot table current -> true
2022-11-01 22:34:21,959 [Client thread] ERROR GottschCore | LootTableMaster2.java:252 | is file system (config) loot table current -> true
2022-11-01 22:34:21,970 [Client thread] ERROR GottschCore | LootTableMaster2.java:252 | is file system (config) loot table current -> true
2022-11-01 22:34:21,987 [Client thread] ERROR GottschCore | LootTableMaster2.java:252 | is file system (config) loot table current -> true
2022-11-01 22:34:21,996 [Client thread] ERROR GottschCore | LootTableMaster2.java:252 | is file system (config) loot table current -> true
2022-11-01 22:34:22,003 [Client thread] ERROR GottschCore | LootTableMaster2.java:252 | is file system (config) loot table current -> true
2022-11-01 22:34:22,018 [Client thread] ERROR GottschCore | LootTableMaster2.java:252 | is file system (config) loot table current -> true
2022-11-01 22:34:22,026 [Client thread] ERROR GottschCore | LootTableMaster2.java:252 | is file system (config) loot table current -> true
2022-11-01 22:34:22,033 [Client thread] ERROR GottschCore | LootTableMaster2.java:252 | is file system (config) loot table current -> true
2022-11-01 22:34:22,050 [Client thread] ERROR GottschCore | LootTableMaster2.java:252 | is file system (config) loot table current -> true
2022-11-01 22:34:22,067 [Client thread] ERROR GottschCore | LootTableMaster2.java:252 | is file system (config) loot table current -> true
2022-11-01 22:34:22,075 [Client thread] ERROR GottschCore | LootTableMaster2.java:252 | is file system (config) loot table current -> true
2022-11-01 22:34:22,083 [Client thread] ERROR GottschCore | LootTableMaster2.java:252 | is file system (config) loot table current -> true
2022-11-01 22:34:22,091 [Client thread] ERROR GottschCore | LootTableMaster2.java:252 | is file system (config) loot table current -> true
2022-11-01 22:34:22,103 [Client thread] ERROR GottschCore | LootTableMaster2.java:252 | is file system (config) loot table current -> true
2022-11-01 22:34:22,110 [Client thread] ERROR GottschCore | LootTableMaster2.java:252 | is file system (config) loot table current -> true
2022-11-01 22:34:22,117 [Client thread] ERROR GottschCore | LootTableMaster2.java:252 | is file system (config) loot table current -> true
2022-11-01 22:34:22,132 [Client thread] ERROR GottschCore | LootTableMaster2.java:252 | is file system (config) loot table current -> true
2022-11-01 22:34:22,143 [Client thread] ERROR GottschCore | LootTableMaster2.java:252 | is file system (config) loot table current -> true
2022-11-01 22:34:22,152 [Client thread] ERROR GottschCore | LootTableMaster2.java:252 | is file system (config) loot table current -> true
2022-11-01 22:34:22,160 [Client thread] ERROR GottschCore | LootTableMaster2.java:252 | is file system (config) loot table current -> true
2022-11-01 22:34:22,168 [Client thread] ERROR GottschCore | LootTableMaster2.java:252 | is file system (config) loot table current -> true
2022-11-01 22:34:22,176 [Client thread] ERROR GottschCore | LootTableMaster2.java:252 | is file system (config) loot table current -> true
2022-11-01 22:34:22,184 [Client thread] ERROR GottschCore | LootTableMaster2.java:252 | is file system (config) loot table current -> true
2022-11-01 22:34:22,191 [Client thread] ERROR GottschCore | LootTableMaster2.java:252 | is file system (config) loot table current -> true
2022-11-01 22:34:22,199 [Client thread] ERROR GottschCore | LootTableMaster2.java:252 | is file system (config) loot table current -> true
2022-11-01 22:34:22,214 [Client thread] ERROR GottschCore | LootTableMaster2.java:252 | is file system (config) loot table current -> true
2022-11-01 22:34:22,222 [Client thread] ERROR GottschCore | LootTableMaster2.java:252 | is file system (config) loot table current -> true
2022-11-01 22:34:22,229 [Client thread] ERROR GottschCore | LootTableMaster2.java:252 | is file system (config) loot table current -> true
2022-11-01 22:34:22,237 [Client thread] ERROR GottschCore | LootTableMaster2.java:252 | is file system (config) loot table current -> true
2022-11-01 22:34:22,245 [Client thread] ERROR GottschCore | LootTableMaster2.java:252 | is file system (config) loot table current -> true
2022-11-01 22:34:22,265 [Client thread] ERROR GottschCore | LootTableMaster2.java:252 | is file system (config) loot table current -> true
2022-11-01 22:34:22,273 [Client thread] ERROR GottschCore | LootTableMaster2.java:252 | is file system (config) loot table current -> true
2022-11-01 22:34:22,282 [Client thread] ERROR GottschCore | LootTableMaster2.java:252 | is file system (config) loot table current -> true
2022-11-01 22:34:22,290 [Client thread] ERROR GottschCore | LootTableMaster2.java:252 | is file system (config) loot table current -> true
2022-11-01 22:34:22,298 [Client thread] ERROR GottschCore | LootTableMaster2.java:252 | is file system (config) loot table current -> true
2022-11-01 22:34:22,314 [Client thread] ERROR GottschCore | LootTableMaster2.java:252 | is file system (config) loot table current -> true
2022-11-01 22:34:22,322 [Client thread] ERROR GottschCore | LootTableMaster2.java:252 | is file system (config) loot table current -> true
2022-11-01 22:34:22,330 [Client thread] ERROR GottschCore | LootTableMaster2.java:252 | is file system (config) loot table current -> true
2022-11-01 22:34:22,341 [Client thread] ERROR GottschCore | LootTableMaster2.java:252 | is file system (config) loot table current -> true
2022-11-01 22:34:22,351 [Client thread] ERROR GottschCore | LootTableMaster2.java:252 | is file system (config) loot table current -> true
2022-11-01 22:34:22,366 [Client thread] ERROR GottschCore | LootTableMaster2.java:252 | is file system (config) loot table current -> true
2022-11-01 22:34:22,374 [Client thread] ERROR GottschCore | LootTableMaster2.java:252 | is file system (config) loot table current -> true
2022-11-01 22:34:22,383 [Client thread] ERROR GottschCore | LootTableMaster2.java:252 | is file system (config) loot table current -> true
2022-11-01 22:34:22,390 [Client thread] ERROR GottschCore | LootTableMaster2.java:252 | is file system (config) loot table current -> true
2022-11-01 22:34:22,398 [Client thread] ERROR GottschCore | LootTableMaster2.java:252 | is file system (config) loot table current -> true
2022-11-01 22:34:22,414 [Client thread] ERROR GottschCore | LootTableMaster2.java:252 | is file system (config) loot table current -> true
2022-11-01 22:34:22,421 [Client thread] ERROR GottschCore | LootTableMaster2.java:252 | is file system (config) loot table current -> true
2022-11-01 22:34:22,429 [Client thread] ERROR GottschCore | LootTableMaster2.java:252 | is file system (config) loot table current -> true
2022-11-01 22:34:22,436 [Client thread] ERROR GottschCore | LootTableMaster2.java:252 | is file system (config) loot table current -> true
2022-11-01 22:34:22,444 [Client thread] ERROR GottschCore | LootTableMaster2.java:252 | is file system (config) loot table current -> true
2022-11-01 22:34:22,462 [Client thread] ERROR GottschCore | LootTableMaster2.java:252 | is file system (config) loot table current -> true
2022-11-01 22:34:22,465 [Client thread] ERROR GottschCore | LootTableMaster2.java:432 | Unable to locate resource /loot_tables/treasure2/inject/uncommon/
2022-11-01 22:34:22,466 [Client thread] ERROR GottschCore | LootTableMaster2.java:432 | Unable to locate resource /loot_tables/treasure2/inject/scarce/
2022-11-01 22:34:22,468 [Client thread] ERROR GottschCore | LootTableMaster2.java:432 | Unable to locate resource /loot_tables/treasure2/inject/rare/
2022-11-01 22:34:22,469 [Client thread] ERROR GottschCore | LootTableMaster2.java:432 | Unable to locate resource /loot_tables/treasure2/inject/epic/
2022-11-01 22:34:22,768 [Client thread] ERROR GottschCore | AbstractResourceManager.java:173 | Unable to locate resource /structures/treasure2/float/
2022-11-01 22:36:30,901 [Client thread] INFO GottschCore | VersionChecker.java:110 | [treasure2] Starting version check at https://raw.githubusercontent.com/gottsch/gottsch-minecraft-Treasure/master/update.json
2022-11-01 22:36:31,045 [Client thread] INFO GottschCore | VersionChecker.java:110 | [treasure2_twilight_forest_lp] Starting version check at https://raw.githubusercontent.com/gottsch/gottsch-minecraft-Treasure-Twilight-Forest-Loot-Pack/1.12.2-master/update.json
2022-11-01 22:36:31,079 [Client thread] INFO GottschCore | VersionChecker.java:110 | [treasure2_wizardry_lp] Starting version check at https://raw.githubusercontent.com/gottsch/gottsch-minecraft-Treasure-Wizardry-Loot-Pack/1.12.2-master/update.json
2022-11-02 16:32:19,251 [Client thread] ERROR GottschCore | LootTableMaster2.java:252 | is file system (config) loot table current -> true
2022-11-02 16:32:19,272 [Client thread] ERROR GottschCore | LootTableMaster2.java:252 | is file system (config) loot table current -> true
2022-11-02 16:32:19,287 [Client thread] ERROR GottschCore | LootTableMaster2.java:252 | is file system (config) loot table current -> true
2022-11-02 16:32:19,312 [Client thread] ERROR GottschCore | LootTableMaster2.java:252 | is file system (config) loot table current -> true
2022-11-02 16:32:19,326 [Client thread] ERROR GottschCore | LootTableMaster2.java:252 | is file system (config) loot table current -> true
2022-11-02 16:32:19,340 [Client thread] ERROR GottschCore | LootTableMaster2.java:252 | is file system (config) loot table current -> true
2022-11-02 16:32:19,371 [Client thread] ERROR GottschCore | LootTableMaster2.java:252 | is file system (config) loot table current -> true
2022-11-02 16:32:19,382 [Client thread] ERROR GottschCore | LootTableMaster2.java:252 | is file system (config) loot table current -> true
2022-11-02 16:32:19,397 [Client thread] ERROR GottschCore | LootTableMaster2.java:252 | is file system (config) loot table current -> true
2022-11-02 16:32:19,425 [Client thread] ERROR GottschCore | LootTableMaster2.java:252 | is file system (config) loot table current -> true
2022-11-02 16:32:19,440 [Client thread] ERROR GottschCore | LootTableMaster2.java:252 | is file system (config) loot table current -> true
2022-11-02 16:32:19,451 [Client thread] ERROR GottschCore | LootTableMaster2.java:252 | is file system (config) loot table current -> true
2022-11-02 16:32:19,477 [Client thread] ERROR GottschCore | LootTableMaster2.java:252 | is file system (config) loot table current -> true
2022-11-02 16:32:19,503 [Client thread] ERROR GottschCore | LootTableMaster2.java:252 | is file system (config) loot table current -> true
2022-11-02 16:32:19,515 [Client thread] ERROR GottschCore | LootTableMaster2.java:252 | is file system (config) loot table current -> true
2022-11-02 16:32:19,531 [Client thread] ERROR GottschCore | LootTableMaster2.java:252 | is file system (config) loot table current -> true
2022-11-02 16:32:19,547 [Client thread] ERROR GottschCore | LootTableMaster2.java:252 | is file system (config) loot table current -> true
2022-11-02 16:32:19,569 [Client thread] ERROR GottschCore | LootTableMaster2.java:252 | is file system (config) loot table current -> true
2022-11-02 16:32:19,581 [Client thread] ERROR GottschCore | LootTableMaster2.java:252 | is file system (config) loot table current -> true
2022-11-02 16:32:19,595 [Client thread] ERROR GottschCore | LootTableMaster2.java:252 | is file system (config) loot table current -> true
2022-11-02 16:32:19,624 [Client thread] ERROR GottschCore | LootTableMaster2.java:252 | is file system (config) loot table current -> true
2022-11-02 16:32:19,639 [Client thread] ERROR GottschCore | LootTableMaster2.java:252 | is file system (config) loot table current -> true
2022-11-02 16:32:19,652 [Client thread] ERROR GottschCore | LootTableMaster2.java:252 | is file system (config) loot table current -> true
2022-11-02 16:32:19,663 [Client thread] ERROR GottschCore | LootTableMaster2.java:252 | is file system (config) loot table current -> true
2022-11-02 16:32:19,678 [Client thread] ERROR GottschCore | LootTableMaster2.java:252 | is file system (config) loot table current -> true
2022-11-02 16:32:19,691 [Client thread] ERROR GottschCore | LootTableMaster2.java:252 | is file system (config) loot table current -> true
2022-11-02 16:32:19,706 [Client thread] ERROR GottschCore | LootTableMaster2.java:252 | is file system (config) loot table current -> true
2022-11-02 16:32:19,718 [Client thread] ERROR GottschCore | LootTableMaster2.java:252 | is file system (config) loot table current -> true
2022-11-02 16:32:19,730 [Client thread] ERROR GottschCore | LootTableMaster2.java:252 | is file system (config) loot table current -> true
2022-11-02 16:32:19,756 [Client thread] ERROR GottschCore | LootTableMaster2.java:252 | is file system (config) loot table current -> true
2022-11-02 16:32:19,771 [Client thread] ERROR GottschCore | LootTableMaster2.java:252 | is file system (config) loot table current -> true
2022-11-02 16:32:19,782 [Client thread] ERROR GottschCore | LootTableMaster2.java:252 | is file system (config) loot table current -> true
2022-11-02 16:32:19,794 [Client thread] ERROR GottschCore | LootTableMaster2.java:252 | is file system (config) loot table current -> true
2022-11-02 16:32:19,807 [Client thread] ERROR GottschCore | LootTableMaster2.java:252 | is file system (config) loot table current -> true
2022-11-02 16:32:19,831 [Client thread] ERROR GottschCore | LootTableMaster2.java:252 | is file system (config) loot table current -> true
2022-11-02 16:32:19,845 [Client thread] ERROR GottschCore | LootTableMaster2.java:252 | is file system (config) loot table current -> true
2022-11-02 16:32:19,858 [Client thread] ERROR GottschCore | LootTableMaster2.java:252 | is file system (config) loot table current -> true
2022-11-02 16:32:19,870 [Client thread] ERROR GottschCore | LootTableMaster2.java:252 | is file system (config) loot table current -> true
2022-11-02 16:32:19,893 [Client thread] ERROR GottschCore | LootTableMaster2.java:252 | is file system (config) loot table current -> true
2022-11-02 16:32:19,930 [Client thread] ERROR GottschCore | LootTableMaster2.java:252 | is file system (config) loot table current -> true
2022-11-02 16:32:19,947 [Client thread] ERROR GottschCore | LootTableMaster2.java:252 | is file system (config) loot table current -> true
2022-11-02 16:32:19,959 [Client thread] ERROR GottschCore | LootTableMaster2.java:252 | is file system (config) loot table current -> true
2022-11-02 16:32:19,973 [Client thread] ERROR GottschCore | LootTableMaster2.java:252 | is file system (config) loot table current -> true
2022-11-02 16:32:19,986 [Client thread] ERROR GottschCore | LootTableMaster2.java:252 | is file system (config) loot table current -> true
2022-11-02 16:32:20,019 [Client thread] ERROR GottschCore | LootTableMaster2.java:252 | is file system (config) loot table current -> true
2022-11-02 16:32:20,035 [Client thread] ERROR GottschCore | LootTableMaster2.java:252 | is file system (config) loot table current -> true
2022-11-02 16:32:20,054 [Client thread] ERROR GottschCore | LootTableMaster2.java:252 | is file system (config) loot table current -> true
2022-11-02 16:32:20,075 [Client thread] ERROR GottschCore | LootTableMaster2.java:252 | is file system (config) loot table current -> true
2022-11-02 16:32:20,092 [Client thread] ERROR GottschCore | LootTableMaster2.java:252 | is file system (config) loot table current -> true
2022-11-02 16:32:20,117 [Client thread] ERROR GottschCore | LootTableMaster2.java:252 | is file system (config) loot table current -> true
2022-11-02 16:32:20,130 [Client thread] ERROR GottschCore | LootTableMaster2.java:252 | is file system (config) loot table current -> true
2022-11-02 16:32:20,144 [Client thread] ERROR GottschCore | LootTableMaster2.java:252 | is file system (config) loot table current -> true
2022-11-02 16:32:20,157 [Client thread] ERROR GottschCore | LootTableMaster2.java:252 | is file system (config) loot table current -> true
2022-11-02 16:32:20,166 [Client thread] ERROR GottschCore | LootTableMaster2.java:252 | is file system (config) loot table current -> true
2022-11-02 16:32:20,191 [Client thread] ERROR GottschCore | LootTableMaster2.java:252 | is file system (config) loot table current -> true
2022-11-02 16:32:20,194 [Client thread] ERROR GottschCore | LootTableMaster2.java:432 | Unable to locate resource /loot_tables/treasure2/inject/uncommon/
2022-11-02 16:32:20,198 [Client thread] ERROR GottschCore | LootTableMaster2.java:432 | Unable to locate resource /loot_tables/treasure2/inject/scarce/
2022-11-02 16:32:20,201 [Client thread] ERROR GottschCore | LootTableMaster2.java:432 | Unable to locate resource /loot_tables/treasure2/inject/rare/
2022-11-02 16:32:20,205 [Client thread] ERROR GottschCore | LootTableMaster2.java:432 | Unable to locate resource /loot_tables/treasure2/inject/epic/
2022-11-02 16:32:20,678 [Client thread] ERROR GottschCore | AbstractResourceManager.java:173 | Unable to locate resource /structures/treasure2/float/
2022-11-02 16:35:11,259 [Client thread] INFO GottschCore | VersionChecker.java:110 | [treasure2] Starting version check at https://raw.githubusercontent.com/gottsch/gottsch-minecraft-Treasure/master/update.json
2022-11-02 16:35:11,471 [Client thread] INFO GottschCore | VersionChecker.java:110 | [treasure2_twilight_forest_lp] Starting version check at https://raw.githubusercontent.com/gottsch/gottsch-minecraft-Treasure-Twilight-Forest-Loot-Pack/1.12.2-master/update.json
2022-11-02 16:35:11,506 [Client thread] INFO GottschCore | VersionChecker.java:110 | [treasure2_wizardry_lp] Starting version check at https://raw.githubusercontent.com/gottsch/gottsch-minecraft-Treasure-Wizardry-Loot-Pack/1.12.2-master/update.json
2022-11-04 15:54:39,701 [Client thread] ERROR GottschCore | LootTableMaster2.java:252 | is file system (config) loot table current -> true
2022-11-04 15:54:39,704 [Client thread] ERROR GottschCore | LootTableMaster2.java:252 | is file system (config) loot table current -> true
2022-11-04 15:54:39,706 [Client thread] ERROR GottschCore | LootTableMaster2.java:252 | is file system (config) loot table current -> true
2022-11-04 15:54:39,716 [Client thread] ERROR GottschCore | LootTableMaster2.java:252 | is file system (config) loot table current -> true
2022-11-04 15:54:39,717 [Client thread] ERROR GottschCore | LootTableMaster2.java:252 | is file system (config) loot table current -> true
2022-11-04 15:54:39,719 [Client thread] ERROR GottschCore | LootTableMaster2.java:252 | is file system (config) loot table current -> true
2022-11-04 15:54:39,730 [Client thread] ERROR GottschCore | LootTableMaster2.java:252 | is file system (config) loot table current -> true
2022-11-04 15:54:39,732 [Client thread] ERROR GottschCore | LootTableMaster2.java:252 | is file system (config) loot table current -> true
2022-11-04 15:54:39,734 [Client thread] ERROR GottschCore | LootTableMaster2.java:252 | is file system (config) loot table current -> true
2022-11-04 15:54:39,744 [Client thread] ERROR GottschCore | LootTableMaster2.java:252 | is file system (config) loot table current -> true
2022-11-04 15:54:39,746 [Client thread] ERROR GottschCore | LootTableMaster2.java:252 | is file system (config) loot table current -> true
2022-11-04 15:54:39,748 [Client thread] ERROR GottschCore | LootTableMaster2.java:252 | is file system (config) loot table current -> true
2022-11-04 15:54:39,758 [Client thread] ERROR GottschCore | LootTableMaster2.java:252 | is file system (config) loot table current -> true
2022-11-04 15:54:39,768 [Client thread] ERROR GottschCore | LootTableMaster2.java:252 | is file system (config) loot table current -> true
2022-11-04 15:54:39,769 [Client thread] ERROR GottschCore | LootTableMaster2.java:252 | is file system (config) loot table current -> true
2022-11-04 15:54:39,771 [Client thread] ERROR GottschCore | LootTableMaster2.java:252 | is file system (config) loot table current -> true
2022-11-04 15:54:39,772 [Client thread] ERROR GottschCore | LootTableMaster2.java:252 | is file system (config) loot table current -> true
2022-11-04 15:54:39,774 [Client thread] ERROR GottschCore | LootTableMaster2.java:252 | is file system (config) loot table current -> true
2022-11-04 15:54:39,775 [Client thread] ERROR GottschCore | LootTableMaster2.java:252 | is file system (config) loot table current -> true
2022-11-04 15:54:39,777 [Client thread] ERROR GottschCore | LootTableMaster2.java:252 | is file system (config) loot table current -> true
2022-11-04 15:54:39,787 [Client thread] ERROR GottschCore | LootTableMaster2.java:252 | is file system (config) loot table current -> true
2022-11-04 15:54:39,789 [Client thread] ERROR GottschCore | LootTableMaster2.java:252 | is file system (config) loot table current -> true
2022-11-04 15:54:39,791 [Client thread] ERROR GottschCore | LootTableMaster2.java:252 | is file system (config) loot table current -> true
2022-11-04 15:54:39,792 [Client thread] ERROR GottschCore | LootTableMaster2.java:252 | is file system (config) loot table current -> true
2022-11-04 15:54:39,794 [Client thread] ERROR GottschCore | LootTableMaster2.java:252 | is file system (config) loot table current -> true
2022-11-04 15:54:39,796 [Client thread] ERROR GottschCore | LootTableMaster2.java:252 | is file system (config) loot table current -> true
2022-11-04 15:54:39,797 [Client thread] ERROR GottschCore | LootTableMaster2.java:252 | is file system (config) loot table current -> true
2022-11-04 15:54:39,798 [Client thread] ERROR GottschCore | LootTableMaster2.java:252 | is file system (config) loot table current -> true
2022-11-04 15:54:39,800 [Client thread] ERROR GottschCore | LootTableMaster2.java:252 | is file system (config) loot table current -> true
2022-11-04 15:54:39,810 [Client thread] ERROR GottschCore | LootTableMaster2.java:252 | is file system (config) loot table current -> true
2022-11-04 15:54:39,811 [Client thread] ERROR GottschCore | LootTableMaster2.java:252 | is file system (config) loot table current -> true
2022-11-04 15:54:39,813 [Client thread] ERROR GottschCore | LootTableMaster2.java:252 | is file system (config) loot table current -> true
2022-11-04 15:54:39,814 [Client thread] ERROR GottschCore | LootTableMaster2.java:252 | is file system (config) loot table current -> true
2022-11-04 15:54:39,816 [Client thread] ERROR GottschCore | LootTableMaster2.java:252 | is file system (config) loot table current -> true
2022-11-04 15:54:39,825 [Client thread] ERROR GottschCore | LootTableMaster2.java:252 | is file system (config) loot table current -> true
2022-11-04 15:54:39,827 [Client thread] ERROR GottschCore | LootTableMaster2.java:252 | is file system (config) loot table current -> true
2022-11-04 15:54:39,828 [Client thread] ERROR GottschCore | LootTableMaster2.java:252 | is file system (config) loot table current -> true
2022-11-04 15:54:39,829 [Client thread] ERROR GottschCore | LootTableMaster2.java:252 | is file system (config) loot table current -> true
2022-11-04 15:54:39,830 [Client thread] ERROR GottschCore | LootTableMaster2.java:252 | is file system (config) loot table current -> true
2022-11-04 15:54:39,840 [Client thread] ERROR GottschCore | LootTableMaster2.java:252 | is file system (config) loot table current -> true
2022-11-04 15:54:39,842 [Client thread] ERROR GottschCore | LootTableMaster2.java:252 | is file system (config) loot table current -> true
2022-11-04 15:54:39,843 [Client thread] ERROR GottschCore | LootTableMaster2.java:252 | is file system (config) loot table current -> true
2022-11-04 15:54:39,845 [Client thread] ERROR GottschCore | LootTableMaster2.java:252 | is file system (config) loot table current -> true
2022-11-04 15:54:39,846 [Client thread] ERROR GottschCore | LootTableMaster2.java:252 | is file system (config) loot table current -> true
2022-11-04 15:54:39,855 [Client thread] ERROR GottschCore | LootTableMaster2.java:252 | is file system (config) loot table current -> true
2022-11-04 15:54:39,857 [Client thread] ERROR GottschCore | LootTableMaster2.java:252 | is file system (config) loot table current -> true
2022-11-04 15:54:39,858 [Client thread] ERROR GottschCore | LootTableMaster2.java:252 | is file system (config) loot table current -> true
2022-11-04 15:54:39,859 [Client thread] ERROR GottschCore | LootTableMaster2.java:252 | is file system (config) loot table current -> true
2022-11-04 15:54:39,860 [Client thread] ERROR GottschCore | LootTableMaster2.java:252 | is file system (config) loot table current -> true
2022-11-04 15:54:39,869 [Client thread] ERROR GottschCore | LootTableMaster2.java:252 | is file system (config) loot table current -> true
2022-11-04 15:54:39,871 [Client thread] ERROR GottschCore | LootTableMaster2.java:252 | is file system (config) loot table current -> true
2022-11-04 15:54:39,873 [Client thread] ERROR GottschCore | LootTableMaster2.java:252 | is file system (config) loot table current -> true
2022-11-04 15:54:39,875 [Client thread] ERROR GottschCore | LootTableMaster2.java:252 | is file system (config) loot table current -> true
2022-11-04 15:54:39,877 [Client thread] ERROR GottschCore | LootTableMaster2.java:252 | is file system (config) loot table current -> true
2022-11-04 15:54:39,888 [Client thread] ERROR GottschCore | LootTableMaster2.java:252 | is file system (config) loot table current -> true
2022-11-04 15:54:39,891 [Client thread] ERROR GottschCore | LootTableMaster2.java:432 | Unable to locate resource /loot_tables/treasure2/inject/uncommon/
2022-11-04 15:54:39,893 [Client thread] ERROR GottschCore | LootTableMaster2.java:432 | Unable to locate resource /loot_tables/treasure2/inject/scarce/
2022-11-04 15:54:39,894 [Client thread] ERROR GottschCore | LootTableMaster2.java:432 | Unable to locate resource /loot_tables/treasure2/inject/rare/
2022-11-04 15:54:39,896 [Client thread] ERROR GottschCore | LootTableMaster2.java:432 | Unable to locate resource /loot_tables/treasure2/inject/epic/
2022-11-04 15:54:39,976 [Client thread] ERROR GottschCore | AbstractResourceManager.java:173 | Unable to locate resource /structures/treasure2/float/
2022-11-04 15:56:31,772 [Client thread] INFO GottschCore | VersionChecker.java:110 | [treasure2] Starting version check at https://raw.githubusercontent.com/gottsch/gottsch-minecraft-Treasure/master/update.json
2022-11-04 15:56:31,895 [Client thread] INFO GottschCore | VersionChecker.java:110 | [treasure2_twilight_forest_lp] Starting version check at https://raw.githubusercontent.com/gottsch/gottsch-minecraft-Treasure-Twilight-Forest-Loot-Pack/1.12.2-master/update.json
2022-11-04 15:56:32,000 [Client thread] INFO GottschCore | VersionChecker.java:110 | [treasure2_wizardry_lp] Starting version check at https://raw.githubusercontent.com/gottsch/gottsch-minecraft-Treasure-Wizardry-Loot-Pack/1.12.2-master/update.json
2022-11-04 16:14:51,374 [Client thread] ERROR GottschCore | LootTableMaster2.java:252 | is file system (config) loot table current -> true
2022-11-04 16:14:51,378 [Client thread] ERROR GottschCore | LootTableMaster2.java:252 | is file system (config) loot table current -> true
2022-11-04 16:14:51,379 [Client thread] ERROR GottschCore | LootTableMaster2.java:252 | is file system (config) loot table current -> true
2022-11-04 16:14:51,395 [Client thread] ERROR GottschCore | LootTableMaster2.java:252 | is file system (config) loot table current -> true
2022-11-04 16:14:51,397 [Client thread] ERROR GottschCore | LootTableMaster2.java:252 | is file system (config) loot table current -> true
2022-11-04 16:14:51,400 [Client thread] ERROR GottschCore | LootTableMaster2.java:252 | is file system (config) loot table current -> true
2022-11-04 16:14:51,416 [Client thread] ERROR GottschCore | LootTableMaster2.java:252 | is file system (config) loot table current -> true
2022-11-04 16:14:51,420 [Client thread] ERROR GottschCore | LootTableMaster2.java:252 | is file system (config) loot table current -> true
2022-11-04 16:14:51,423 [Client thread] ERROR GottschCore | LootTableMaster2.java:252 | is file system (config) loot table current -> true
2022-11-04 16:14:51,439 [Client thread] ERROR GottschCore | LootTableMaster2.java:252 | is file system (config) loot table current -> true
2022-11-04 16:14:51,441 [Client thread] ERROR GottschCore | LootTableMaster2.java:252 | is file system (config) loot table current -> true
2022-11-04 16:14:51,443 [Client thread] ERROR GottschCore | LootTableMaster2.java:252 | is file system (config) loot table current -> true
2022-11-04 16:14:51,455 [Client thread] ERROR GottschCore | LootTableMaster2.java:252 | is file system (config) loot table current -> true
2022-11-04 16:14:51,469 [Client thread] ERROR GottschCore | LootTableMaster2.java:252 | is file system (config) loot table current -> true
2022-11-04 16:14:51,471 [Client thread] ERROR GottschCore | LootTableMaster2.java:252 | is file system (config) loot table current -> true
2022-11-04 16:14:51,473 [Client thread] ERROR GottschCore | LootTableMaster2.java:252 | is file system (config) loot table current -> true
2022-11-04 16:14:51,475 [Client thread] ERROR GottschCore | LootTableMaster2.java:252 | is file system (config) loot table current -> true
2022-11-04 16:14:51,476 [Client thread] ERROR GottschCore | LootTableMaster2.java:252 | is file system (config) loot table current -> true
2022-11-04 16:14:51,478 [Client thread] ERROR GottschCore | LootTableMaster2.java:252 | is file system (config) loot table current -> true
2022-11-04 16:14:51,479 [Client thread] ERROR GottschCore | LootTableMaster2.java:252 | is file system (config) loot table current -> true
2022-11-04 16:14:51,491 [Client thread] ERROR GottschCore | LootTableMaster2.java:252 | is file system (config) loot table current -> true
2022-11-04 16:14:51,493 [Client thread] ERROR GottschCore | LootTableMaster2.java:252 | is file system (config) loot table current -> true
2022-11-04 16:14:51,495 [Client thread] ERROR GottschCore | LootTableMaster2.java:252 | is file system (config) loot table current -> true
2022-11-04 16:14:51,496 [Client thread] ERROR GottschCore | LootTableMaster2.java:252 | is file system (config) loot table current -> true
2022-11-04 16:14:51,498 [Client thread] ERROR GottschCore | LootTableMaster2.java:252 | is file system (config) loot table current -> true
2022-11-04 16:14:51,501 [Client thread] ERROR GottschCore | LootTableMaster2.java:252 | is file system (config) loot table current -> true
2022-11-04 16:14:51,504 [Client thread] ERROR GottschCore | LootTableMaster2.java:252 | is file system (config) loot table current -> true
2022-11-04 16:14:51,507 [Client thread] ERROR GottschCore | LootTableMaster2.java:252 | is file system (config) loot table current -> true
2022-11-04 16:14:51,508 [Client thread] ERROR GottschCore | LootTableMaster2.java:252 | is file system (config) loot table current -> true
2022-11-04 16:14:51,520 [Client thread] ERROR GottschCore | LootTableMaster2.java:252 | is file system (config) loot table current -> true
2022-11-04 16:14:51,522 [Client thread] ERROR GottschCore | LootTableMaster2.java:252 | is file system (config) loot table current -> true
2022-11-04 16:14:51,524 [Client thread] ERROR GottschCore | LootTableMaster2.java:252 | is file system (config) loot table current -> true
2022-11-04 16:14:51,525 [Client thread] ERROR GottschCore | LootTableMaster2.java:252 | is file system (config) loot table current -> true
2022-11-04 16:14:51,527 [Client thread] ERROR GottschCore | LootTableMaster2.java:252 | is file system (config) loot table current -> true
2022-11-04 16:14:51,543 [Client thread] ERROR GottschCore | LootTableMaster2.java:252 | is file system (config) loot table current -> true
2022-11-04 16:14:51,544 [Client thread] ERROR GottschCore | LootTableMaster2.java:252 | is file system (config) loot table current -> true
2022-11-04 16:14:51,546 [Client thread] ERROR GottschCore | LootTableMaster2.java:252 | is file system (config) loot table current -> true
2022-11-04 16:14:51,547 [Client thread] ERROR GottschCore | LootTableMaster2.java:252 | is file system (config) loot table current -> true
2022-11-04 16:14:51,548 [Client thread] ERROR GottschCore | LootTableMaster2.java:252 | is file system (config) loot table current -> true
2022-11-04 16:14:51,560 [Client thread] ERROR GottschCore | LootTableMaster2.java:252 | is file system (config) loot table current -> true
2022-11-04 16:14:51,561 [Client thread] ERROR GottschCore | LootTableMaster2.java:252 | is file system (config) loot table current -> true
2022-11-04 16:14:51,562 [Client thread] ERROR GottschCore | LootTableMaster2.java:252 | is file system (config) loot table current -> true
2022-11-04 16:14:51,564 [Client thread] ERROR GottschCore | LootTableMaster2.java:252 | is file system (config) loot table current -> true
2022-11-04 16:14:51,568 [Client thread] ERROR GottschCore | LootTableMaster2.java:252 | is file system (config) loot table current -> true
2022-11-04 16:14:51,581 [Client thread] ERROR GottschCore | LootTableMaster2.java:252 | is file system (config) loot table current -> true
2022-11-04 16:14:51,584 [Client thread] ERROR GottschCore | LootTableMaster2.java:252 | is file system (config) loot table current -> true
2022-11-04 16:14:51,587 [Client thread] ERROR GottschCore | LootTableMaster2.java:252 | is file system (config) loot table current -> true
2022-11-04 16:14:51,588 [Client thread] ERROR GottschCore | LootTableMaster2.java:252 | is file system (config) loot table current -> true
2022-11-04 16:14:51,590 [Client thread] ERROR GottschCore | LootTableMaster2.java:252 | is file system (config) loot table current -> true
2022-11-04 16:14:51,603 [Client thread] ERROR GottschCore | LootTableMaster2.java:252 | is file system (config) loot table current -> true
2022-11-04 16:14:51,606 [Client thread] ERROR GottschCore | LootTableMaster2.java:252 | is file system (config) loot table current -> true
2022-11-04 16:14:51,608 [Client thread] ERROR GottschCore | LootTableMaster2.java:252 | is file system (config) loot table current -> true
2022-11-04 16:14:51,610 [Client thread] ERROR GottschCore | LootTableMaster2.java:252 | is file system (config) loot table current -> true
2022-11-04 16:14:51,611 [Client thread] ERROR GottschCore | LootTableMaster2.java:252 | is file system (config) loot table current -> true
2022-11-04 16:14:51,624 [Client thread] ERROR GottschCore | LootTableMaster2.java:252 | is file system (config) loot table current -> true
2022-11-04 16:14:51,627 [Client thread] ERROR GottschCore | LootTableMaster2.java:432 | Unable to locate resource /loot_tables/treasure2/inject/uncommon/
2022-11-04 16:14:51,629 [Client thread] ERROR GottschCore | LootTableMaster2.java:432 | Unable to locate resource /loot_tables/treasure2/inject/scarce/
2022-11-04 16:14:51,631 [Client thread] ERROR GottschCore | LootTableMaster2.java:432 | Unable to locate resource /loot_tables/treasure2/inject/rare/
2022-11-04 16:14:51,636 [Client thread] ERROR GottschCore | LootTableMaster2.java:432 | Unable to locate resource /loot_tables/treasure2/inject/epic/
2022-11-04 16:14:51,779 [Client thread] ERROR GottschCore | AbstractResourceManager.java:173 | Unable to locate resource /structures/treasure2/float/
2022-11-04 16:16:43,756 [Client thread] INFO GottschCore | VersionChecker.java:110 | [treasure2] Starting version check at https://raw.githubusercontent.com/gottsch/gottsch-minecraft-Treasure/master/update.json
2022-11-04 16:16:43,858 [Client thread] INFO GottschCore | VersionChecker.java:110 | [treasure2_twilight_forest_lp] Starting version check at https://raw.githubusercontent.com/gottsch/gottsch-minecraft-Treasure-Twilight-Forest-Loot-Pack/1.12.2-master/update.json
2022-11-04 16:16:43,891 [Client thread] INFO GottschCore | VersionChecker.java:110 | [treasure2_wizardry_lp] Starting version check at https://raw.githubusercontent.com/gottsch/gottsch-minecraft-Treasure-Wizardry-Loot-Pack/1.12.2-master/update.json
2022-11-04 18:33:32,658 [Client thread] ERROR GottschCore | LootTableMaster2.java:252 | is file system (config) loot table current -> true
2022-11-04 18:33:32,668 [Client thread] ERROR GottschCore | LootTableMaster2.java:252 | is file system (config) loot table current -> true
2022-11-04 18:33:32,677 [Client thread] ERROR GottschCore | LootTableMaster2.java:252 | is file system (config) loot table current -> true
2022-11-04 18:33:32,692 [Client thread] ERROR GottschCore | LootTableMaster2.java:252 | is file system (config) loot table current -> true
2022-11-04 18:33:32,699 [Client thread] ERROR GottschCore | LootTableMaster2.java:252 | is file system (config) loot table current -> true
2022-11-04 18:33:32,706 [Client thread] ERROR GottschCore | LootTableMaster2.java:252 | is file system (config) loot table current -> true
2022-11-04 18:33:32,720 [Client thread] ERROR GottschCore | LootTableMaster2.java:252 | is file system (config) loot table current -> true
2022-11-04 18:33:32,727 [Client thread] ERROR GottschCore | LootTableMaster2.java:252 | is file system (config) loot table current -> true
2022-11-04 18:33:32,733 [Client thread] ERROR GottschCore | LootTableMaster2.java:252 | is file system (config) loot table current -> true
2022-11-04 18:33:32,747 [Client thread] ERROR GottschCore | LootTableMaster2.java:252 | is file system (config) loot table current -> true
2022-11-04 18:33:32,754 [Client thread] ERROR GottschCore | LootTableMaster2.java:252 | is file system (config) loot table current -> true
2022-11-04 18:33:32,760 [Client thread] ERROR GottschCore | LootTableMaster2.java:252 | is file system (config) loot table current -> true
2022-11-04 18:33:32,773 [Client thread] ERROR GottschCore | LootTableMaster2.java:252 | is file system (config) loot table current -> true
2022-11-04 18:33:32,788 [Client thread] ERROR GottschCore | LootTableMaster2.java:252 | is file system (config) loot table current -> true
2022-11-04 18:33:32,795 [Client thread] ERROR GottschCore | LootTableMaster2.java:252 | is file system (config) loot table current -> true
2022-11-04 18:33:32,802 [Client thread] ERROR GottschCore | LootTableMaster2.java:252 | is file system (config) loot table current -> true
2022-11-04 18:33:32,809 [Client thread] ERROR GottschCore | LootTableMaster2.java:252 | is file system (config) loot table current -> true
2022-11-04 18:33:32,820 [Client thread] ERROR GottschCore | LootTableMaster2.java:252 | is file system (config) loot table current -> true
2022-11-04 18:33:32,827 [Client thread] ERROR GottschCore | LootTableMaster2.java:252 | is file system (config) loot table current -> true
2022-11-04 18:33:32,833 [Client thread] ERROR GottschCore | LootTableMaster2.java:252 | is file system (config) loot table current -> true
2022-11-04 18:33:32,848 [Client thread] ERROR GottschCore | LootTableMaster2.java:252 | is file system (config) loot table current -> true
2022-11-04 18:33:32,856 [Client thread] ERROR GottschCore | LootTableMaster2.java:252 | is file system (config) loot table current -> true
2022-11-04 18:33:32,863 [Client thread] ERROR GottschCore | LootTableMaster2.java:252 | is file system (config) loot table current -> true
2022-11-04 18:33:32,871 [Client thread] ERROR GottschCore | LootTableMaster2.java:252 | is file system (config) loot table current -> true
2022-11-04 18:33:32,879 [Client thread] ERROR GottschCore | LootTableMaster2.java:252 | is file system (config) loot table current -> true
2022-11-04 18:33:32,886 [Client thread] ERROR GottschCore | LootTableMaster2.java:252 | is file system (config) loot table current -> true
2022-11-04 18:33:32,894 [Client thread] ERROR GottschCore | LootTableMaster2.java:252 | is file system (config) loot table current -> true
2022-11-04 18:33:32,901 [Client thread] ERROR GottschCore | LootTableMaster2.java:252 | is file system (config) loot table current -> true
2022-11-04 18:33:32,909 [Client thread] ERROR GottschCore | LootTableMaster2.java:252 | is file system (config) loot table current -> true
2022-11-04 18:33:32,923 [Client thread] ERROR GottschCore | LootTableMaster2.java:252 | is file system (config) loot table current -> true
2022-11-04 18:33:32,930 [Client thread] ERROR GottschCore | LootTableMaster2.java:252 | is file system (config) loot table current -> true
2022-11-04 18:33:32,937 [Client thread] ERROR GottschCore | LootTableMaster2.java:252 | is file system (config) loot table current -> true
2022-11-04 18:33:32,944 [Client thread] ERROR GottschCore | LootTableMaster2.java:252 | is file system (config) loot table current -> true
2022-11-04 18:33:32,950 [Client thread] ERROR GottschCore | LootTableMaster2.java:252 | is file system (config) loot table current -> true
2022-11-04 18:33:32,964 [Client thread] ERROR GottschCore | LootTableMaster2.java:252 | is file system (config) loot table current -> true
2022-11-04 18:33:32,971 [Client thread] ERROR GottschCore | LootTableMaster2.java:252 | is file system (config) loot table current -> true
2022-11-04 18:33:32,978 [Client thread] ERROR GottschCore | LootTableMaster2.java:252 | is file system (config) loot table current -> true
2022-11-04 18:33:32,984 [Client thread] ERROR GottschCore | LootTableMaster2.java:252 | is file system (config) loot table current -> true
2022-11-04 18:33:32,992 [Client thread] ERROR GottschCore | LootTableMaster2.java:252 | is file system (config) loot table current -> true
2022-11-04 18:33:33,007 [Client thread] ERROR GottschCore | LootTableMaster2.java:252 | is file system (config) loot table current -> true
2022-11-04 18:33:33,014 [Client thread] ERROR GottschCore | LootTableMaster2.java:252 | is file system (config) loot table current -> true
2022-11-04 18:33:33,022 [Client thread] ERROR GottschCore | LootTableMaster2.java:252 | is file system (config) loot table current -> true
2022-11-04 18:33:33,029 [Client thread] ERROR GottschCore | LootTableMaster2.java:252 | is file system (config) loot table current -> true
2022-11-04 18:33:33,037 [Client thread] ERROR GottschCore | LootTableMaster2.java:252 | is file system (config) loot table current -> true
2022-11-04 18:33:33,051 [Client thread] ERROR GottschCore | LootTableMaster2.java:252 | is file system (config) loot table current -> true
2022-11-04 18:33:33,058 [Client thread] ERROR GottschCore | LootTableMaster2.java:252 | is file system (config) loot table current -> true
2022-11-04 18:33:33,066 [Client thread] ERROR GottschCore | LootTableMaster2.java:252 | is file system (config) loot table current -> true
2022-11-04 18:33:33,073 [Client thread] ERROR GottschCore | LootTableMaster2.java:252 | is file system (config) loot table current -> true
2022-11-04 18:33:33,082 [Client thread] ERROR GottschCore | LootTableMaster2.java:252 | is file system (config) loot table current -> true
2022-11-04 18:33:33,097 [Client thread] ERROR GottschCore | LootTableMaster2.java:252 | is file system (config) loot table current -> true
2022-11-04 18:33:33,104 [Client thread] ERROR GottschCore | LootTableMaster2.java:252 | is file system (config) loot table current -> true
2022-11-04 18:33:33,111 [Client thread] ERROR GottschCore | LootTableMaster2.java:252 | is file system (config) loot table current -> true
2022-11-04 18:33:33,118 [Client thread] ERROR GottschCore | LootTableMaster2.java:252 | is file system (config) loot table current -> true
2022-11-04 18:33:33,124 [Client thread] ERROR GottschCore | LootTableMaster2.java:252 | is file system (config) loot table current -> true
2022-11-04 18:33:33,139 [Client thread] ERROR GottschCore | LootTableMaster2.java:252 | is file system (config) loot table current -> true
2022-11-04 18:33:33,141 [Client thread] ERROR GottschCore | LootTableMaster2.java:432 | Unable to locate resource /loot_tables/treasure2/inject/uncommon/
2022-11-04 18:33:33,143 [Client thread] ERROR GottschCore | LootTableMaster2.java:432 | Unable to locate resource /loot_tables/treasure2/inject/scarce/
2022-11-04 18:33:33,144 [Client thread] ERROR GottschCore | LootTableMaster2.java:432 | Unable to locate resource /loot_tables/treasure2/inject/rare/
2022-11-04 18:33:33,145 [Client thread] ERROR GottschCore | LootTableMaster2.java:432 | Unable to locate resource /loot_tables/treasure2/inject/epic/
2022-11-04 18:33:33,399 [Client thread] ERROR GottschCore | AbstractResourceManager.java:173 | Unable to locate resource /structures/treasure2/float/
2022-11-04 18:34:45,423 [Client thread] INFO GottschCore | VersionChecker.java:110 | [treasure2] Starting version check at https://raw.githubusercontent.com/gottsch/gottsch-minecraft-Treasure/master/update.json
2022-11-04 18:34:45,533 [Client thread] INFO GottschCore | VersionChecker.java:110 | [treasure2_twilight_forest_lp] Starting version check at https://raw.githubusercontent.com/gottsch/gottsch-minecraft-Treasure-Twilight-Forest-Loot-Pack/1.12.2-master/update.json
2022-11-04 18:34:45,657 [Client thread] INFO GottschCore | VersionChecker.java:110 | [treasure2_wizardry_lp] Starting version check at https://raw.githubusercontent.com/gottsch/gottsch-minecraft-Treasure-Wizardry-Loot-Pack/1.12.2-master/update.json
2022-11-07 20:17:13,491 [Client thread] ERROR GottschCore | LootTableMaster2.java:252 | is file system (config) loot table current -> true
2022-11-07 20:17:13,499 [Client thread] ERROR GottschCore | LootTableMaster2.java:252 | is file system (config) loot table current -> true
2022-11-07 20:17:13,504 [Client thread] ERROR GottschCore | LootTableMaster2.java:252 | is file system (config) loot table current -> true
2022-11-07 20:17:13,519 [Client thread] ERROR GottschCore | LootTableMaster2.java:252 | is file system (config) loot table current -> true
2022-11-07 20:17:13,525 [Client thread] ERROR GottschCore | LootTableMaster2.java:252 | is file system (config) loot table current -> true
2022-11-07 20:17:13,532 [Client thread] ERROR GottschCore | LootTableMaster2.java:252 | is file system (config) loot table current -> true
2022-11-07 20:17:13,546 [Client thread] ERROR GottschCore | LootTableMaster2.java:252 | is file system (config) loot table current -> true
2022-11-07 20:17:13,553 [Client thread] ERROR GottschCore | LootTableMaster2.java:252 | is file system (config) loot table current -> true
2022-11-07 20:17:13,559 [Client thread] ERROR GottschCore | LootTableMaster2.java:252 | is file system (config) loot table current -> true
2022-11-07 20:17:13,573 [Client thread] ERROR GottschCore | LootTableMaster2.java:252 | is file system (config) loot table current -> true
2022-11-07 20:17:13,580 [Client thread] ERROR GottschCore | LootTableMaster2.java:252 | is file system (config) loot table current -> true
2022-11-07 20:17:13,588 [Client thread] ERROR GottschCore | LootTableMaster2.java:252 | is file system (config) loot table current -> true
2022-11-07 20:17:13,600 [Client thread] ERROR GottschCore | LootTableMaster2.java:252 | is file system (config) loot table current -> true
2022-11-07 20:17:13,613 [Client thread] ERROR GottschCore | LootTableMaster2.java:252 | is file system (config) loot table current -> true
2022-11-07 20:17:13,619 [Client thread] ERROR GottschCore | LootTableMaster2.java:252 | is file system (config) loot table current -> true
2022-11-07 20:17:13,626 [Client thread] ERROR GottschCore | LootTableMaster2.java:252 | is file system (config) loot table current -> true
2022-11-07 20:17:13,633 [Client thread] ERROR GottschCore | LootTableMaster2.java:252 | is file system (config) loot table current -> true
2022-11-07 20:17:13,644 [Client thread] ERROR GottschCore | LootTableMaster2.java:252 | is file system (config) loot table current -> true
2022-11-07 20:17:13,650 [Client thread] ERROR GottschCore | LootTableMaster2.java:252 | is file system (config) loot table current -> true
2022-11-07 20:17:13,657 [Client thread] ERROR GottschCore | LootTableMaster2.java:252 | is file system (config) loot table current -> true
2022-11-07 20:17:13,671 [Client thread] ERROR GottschCore | LootTableMaster2.java:252 | is file system (config) loot table current -> true
2022-11-07 20:17:13,679 [Client thread] ERROR GottschCore | LootTableMaster2.java:252 | is file system (config) loot table current -> true
2022-11-07 20:17:13,688 [Client thread] ERROR GottschCore | LootTableMaster2.java:252 | is file system (config) loot table current -> true
2022-11-07 20:17:13,696 [Client thread] ERROR GottschCore | LootTableMaster2.java:252 | is file system (config) loot table current -> true
2022-11-07 20:17:13,704 [Client thread] ERROR GottschCore | LootTableMaster2.java:252 | is file system (config) loot table current -> true
2022-11-07 20:17:13,710 [Client thread] ERROR GottschCore | LootTableMaster2.java:252 | is file system (config) loot table current -> true
2022-11-07 20:17:13,719 [Client thread] ERROR GottschCore | LootTableMaster2.java:252 | is file system (config) loot table current -> true
2022-11-07 20:17:13,727 [Client thread] ERROR GottschCore | LootTableMaster2.java:252 | is file system (config) loot table current -> true
2022-11-07 20:17:13,733 [Client thread] ERROR GottschCore | LootTableMaster2.java:252 | is file system (config) loot table current -> true
2022-11-07 20:17:13,748 [Client thread] ERROR GottschCore | LootTableMaster2.java:252 | is file system (config) loot table current -> true
2022-11-07 20:17:13,755 [Client thread] ERROR GottschCore | LootTableMaster2.java:252 | is file system (config) loot table current -> true
2022-11-07 20:17:13,762 [Client thread] ERROR GottschCore | LootTableMaster2.java:252 | is file system (config) loot table current -> true
2022-11-07 20:17:13,769 [Client thread] ERROR GottschCore | LootTableMaster2.java:252 | is file system (config) loot table current -> true
2022-11-07 20:17:13,775 [Client thread] ERROR GottschCore | LootTableMaster2.java:252 | is file system (config) loot table current -> true
2022-11-07 20:17:13,789 [Client thread] ERROR GottschCore | LootTableMaster2.java:252 | is file system (config) loot table current -> true
2022-11-07 20:17:13,796 [Client thread] ERROR GottschCore | LootTableMaster2.java:252 | is file system (config) loot table current -> true
2022-11-07 20:17:13,803 [Client thread] ERROR GottschCore | LootTableMaster2.java:252 | is file system (config) loot table current -> true
2022-11-07 20:17:13,809 [Client thread] ERROR GottschCore | LootTableMaster2.java:252 | is file system (config) loot table current -> true
2022-11-07 20:17:13,816 [Client thread] ERROR GottschCore | LootTableMaster2.java:252 | is file system (config) loot table current -> true
2022-11-07 20:17:13,831 [Client thread] ERROR GottschCore | LootTableMaster2.java:252 | is file system (config) loot table current -> true
2022-11-07 20:17:13,838 [Client thread] ERROR GottschCore | LootTableMaster2.java:252 | is file system (config) loot table current -> true
2022-11-07 20:17:13,845 [Client thread] ERROR GottschCore | LootTableMaster2.java:252 | is file system (config) loot table current -> true
2022-11-07 20:17:13,852 [Client thread] ERROR GottschCore | LootTableMaster2.java:252 | is file system (config) loot table current -> true
2022-11-07 20:17:13,859 [Client thread] ERROR GottschCore | LootTableMaster2.java:252 | is file system (config) loot table current -> true
2022-11-07 20:17:13,872 [Client thread] ERROR GottschCore | LootTableMaster2.java:252 | is file system (config) loot table current -> true
2022-11-07 20:17:13,880 [Client thread] ERROR GottschCore | LootTableMaster2.java:252 | is file system (config) loot table current -> true
2022-11-07 20:17:13,887 [Client thread] ERROR GottschCore | LootTableMaster2.java:252 | is file system (config) loot table current -> true
2022-11-07 20:17:13,893 [Client thread] ERROR GottschCore | LootTableMaster2.java:252 | is file system (config) loot table current -> true
2022-11-07 20:17:13,900 [Client thread] ERROR GottschCore | LootTableMaster2.java:252 | is file system (config) loot table current -> true
2022-11-07 20:17:13,913 [Client thread] ERROR GottschCore | LootTableMaster2.java:252 | is file system (config) loot table current -> true
2022-11-07 20:17:13,921 [Client thread] ERROR GottschCore | LootTableMaster2.java:252 | is file system (config) loot table current -> true
2022-11-07 20:17:13,927 [Client thread] ERROR GottschCore | LootTableMaster2.java:252 | is file system (config) loot table current -> true
2022-11-07 20:17:13,934 [Client thread] ERROR GottschCore | LootTableMaster2.java:252 | is file system (config) loot table current -> true
2022-11-07 20:17:13,940 [Client thread] ERROR GottschCore | LootTableMaster2.java:252 | is file system (config) loot table current -> true
2022-11-07 20:17:13,954 [Client thread] ERROR GottschCore | LootTableMaster2.java:252 | is file system (config) loot table current -> true
2022-11-07 20:17:13,957 [Client thread] ERROR GottschCore | LootTableMaster2.java:432 | Unable to locate resource /loot_tables/treasure2/inject/uncommon/
2022-11-07 20:17:13,958 [Client thread] ERROR GottschCore | LootTableMaster2.java:432 | Unable to locate resource /loot_tables/treasure2/inject/scarce/
2022-11-07 20:17:13,960 [Client thread] ERROR GottschCore | LootTableMaster2.java:432 | Unable to locate resource /loot_tables/treasure2/inject/rare/
2022-11-07 20:17:13,961 [Client thread] ERROR GottschCore | LootTableMaster2.java:432 | Unable to locate resource /loot_tables/treasure2/inject/epic/
2022-11-07 20:17:14,212 [Client thread] ERROR GottschCore | AbstractResourceManager.java:173 | Unable to locate resource /structures/treasure2/float/
2022-11-07 20:18:32,338 [Client thread] INFO GottschCore | VersionChecker.java:110 | [treasure2] Starting version check at https://raw.githubusercontent.com/gottsch/gottsch-minecraft-Treasure/master/update.json
2022-11-07 20:18:32,635 [Client thread] INFO GottschCore | VersionChecker.java:110 | [treasure2_twilight_forest_lp] Starting version check at https://raw.githubusercontent.com/gottsch/gottsch-minecraft-Treasure-Twilight-Forest-Loot-Pack/1.12.2-master/update.json
2022-11-07 20:18:32,665 [Client thread] INFO GottschCore | VersionChecker.java:110 | [treasure2_wizardry_lp] Starting version check at https://raw.githubusercontent.com/gottsch/gottsch-minecraft-Treasure-Wizardry-Loot-Pack/1.12.2-master/update.json
